[0m23:46:40.479791 [debug] [MainThread]: Sending event: {'category': 'dbt', 'action': 'invocation', 'label': 'start', 'context': [<snowplow_tracker.self_describing_json.SelfDescribingJson object at 0x000002763598FD90>, <snowplow_tracker.self_describing_json.SelfDescribingJson object at 0x000002763598C450>, <snowplow_tracker.self_describing_json.SelfDescribingJson object at 0x000002763598FE10>]}


============================== 23:46:40.511855 | da230a50-86fc-4cce-ac28-6598100add95 ==============================
[0m23:46:40.511855 [info ] [MainThread]: Running with dbt=1.11.10
[0m23:46:40.511855 [debug] [MainThread]: running dbt with arguments {'version_check': 'True', 'no_print': 'None', 'static_parser': 'True', 'warn_error_options': 'WarnErrorOptionsV2(error=[], warn=[], silence=[])', 'target_path': 'None', 'printer_width': '80', 'write_json': 'True', 'empty': 'None', 'log_cache_events': 'False', 'introspect': 'True', 'cache_selected_only': 'False', 'log_format': 'default', 'debug': 'False', 'fail_fast': 'False', 'profiles_dir': 'C:\\Users\\adrie\\.dbt', 'send_anonymous_usage_stats': 'True', 'quiet': 'False', 'warn_error': 'None', 'partial_parse': 'True', 'invocation_command': 'dbt init', 'use_colors': 'True', 'indirect_selection': 'eager', 'use_experimental_parser': 'False', 'log_path': 'logs'}
[0m23:46:40.601409 [info ] [MainThread]: Creating dbt configuration folder at C:\Users\adrie\.dbt
[0m23:47:34.401497 [debug] [MainThread]: Starter project path: C:\Users\adrie\Documents\yfinance-analytics-stack\.venv\Lib\site-packages\dbt\include\starter_project
[0m23:47:34.425436 [info ] [MainThread]: 
Your new dbt project "ProjetoEngenhariaDados" was created!

For more information on how to configure the profiles.yml file,
please consult the dbt documentation here:

  https://docs.getdbt.com/docs/configure-your-profile

One more thing:

Need help? Don't hesitate to reach out to us via GitHub issues or on Slack:

  https://community.getdbt.com/

Happy modeling!

[0m23:47:34.425436 [info ] [MainThread]: Setting up your profile.
[0m23:48:30.119264 [error] [MainThread]: Encountered an error:

[0m23:48:30.122049 [error] [MainThread]: Traceback (most recent call last):
  File "C:\Users\adrie\Documents\yfinance-analytics-stack\.venv\Lib\site-packages\dbt\cli\requires.py", line 182, in wrapper
    result, success = func(*args, **kwargs)
                      ^^^^^^^^^^^^^^^^^^^^^
  File "C:\Users\adrie\Documents\yfinance-analytics-stack\.venv\Lib\site-packages\dbt\cli\requires.py", line 128, in wrapper
    return func(*args, **kwargs)
           ^^^^^^^^^^^^^^^^^^^^^
  File "C:\Users\adrie\Documents\yfinance-analytics-stack\.venv\Lib\site-packages\dbt\cli\main.py", line 488, in init
    results = task.run()
              ^^^^^^^^^^
  File "C:\Users\adrie\Documents\yfinance-analytics-stack\.venv\Lib\site-packages\dbt\task\init.py", line 346, in run
    self.setup_profile(profile_name)
  File "C:\Users\adrie\Documents\yfinance-analytics-stack\.venv\Lib\site-packages\dbt\task\init.py", line 261, in setup_profile
    adapter = self.ask_for_adapter_choice()
              ^^^^^^^^^^^^^^^^^^^^^^^^^^^^^
  File "C:\Users\adrie\Documents\yfinance-analytics-stack\.venv\Lib\site-packages\dbt\task\init.py", line 242, in ask_for_adapter_choice
    numeric_choice = click.prompt(prompt_msg, type=click.INT)
                     ^^^^^^^^^^^^^^^^^^^^^^^^^^^^^^^^^^^^^^^^
  File "C:\Users\adrie\Documents\yfinance-analytics-stack\.venv\Lib\site-packages\click\termui.py", line 218, in prompt
    value = prompt_func(prompt)
            ^^^^^^^^^^^^^^^^^^^
  File "C:\Users\adrie\Documents\yfinance-analytics-stack\.venv\Lib\site-packages\click\termui.py", line 201, in prompt_func
    raise Abort() from None
click.exceptions.Abort

[0m23:48:30.122589 [debug] [MainThread]: Command `dbt init` failed at 23:48:30.122589 after 109.72 seconds
[0m23:48:30.122589 [debug] [MainThread]: Sending event: {'category': 'dbt', 'action': 'invocation', 'label': 'end', 'context': [<snowplow_tracker.self_describing_json.SelfDescribingJson object at 0x00000276326CD050>, <snowplow_tracker.self_describing_json.SelfDescribingJson object at 0x000002763A2E6550>, <snowplow_tracker.self_describing_json.SelfDescribingJson object at 0x00000276391EFAD0>]}
[0m23:48:30.122589 [debug] [MainThread]: Flushing usage events
[0m23:48:42.017900 [debug] [MainThread]: Sending event: {'category': 'dbt', 'action': 'invocation', 'label': 'start', 'context': [<snowplow_tracker.self_describing_json.SelfDescribingJson object at 0x000001568DC9C8D0>, <snowplow_tracker.self_describing_json.SelfDescribingJson object at 0x00000156914FD190>, <snowplow_tracker.self_describing_json.SelfDescribingJson object at 0x00000156915BE610>]}


============================== 23:48:42.017900 | f2e4543d-03dc-4ebf-882a-c39522e01ac8 ==============================
[0m23:48:42.017900 [info ] [MainThread]: Running with dbt=1.11.10
[0m23:48:42.017900 [debug] [MainThread]: running dbt with arguments {'static_parser': 'True', 'no_print': 'None', 'version_check': 'True', 'warn_error_options': 'WarnErrorOptionsV2(error=[], warn=[], silence=[])', 'target_path': 'None', 'printer_width': '80', 'write_json': 'True', 'introspect': 'True', 'log_cache_events': 'False', 'empty': 'None', 'cache_selected_only': 'False', 'log_format': 'default', 'debug': 'False', 'fail_fast': 'False', 'partial_parse': 'True', 'send_anonymous_usage_stats': 'True', 'quiet': 'False', 'warn_error': 'None', 'profiles_dir': 'C:\\Users\\adrie\\.dbt', 'indirect_selection': 'eager', 'use_colors': 'True', 'invocation_command': 'dbt init', 'use_experimental_parser': 'False', 'log_path': 'logs'}
[0m23:49:01.105955 [debug] [MainThread]: Starter project path: C:\Users\adrie\Documents\yfinance-analytics-stack\.venv\Lib\site-packages\dbt\include\starter_project
[0m23:49:01.137469 [info ] [MainThread]: 
Your new dbt project "dbt_project" was created!

For more information on how to configure the profiles.yml file,
please consult the dbt documentation here:

  https://docs.getdbt.com/docs/configure-your-profile

One more thing:

Need help? Don't hesitate to reach out to us via GitHub issues or on Slack:

  https://community.getdbt.com/

Happy modeling!

[0m23:49:01.138979 [info ] [MainThread]: Setting up your profile.
[0m00:17:52.907604 [info ] [MainThread]: Profile dbt_project written to C:\Users\adrie\.dbt\profiles.yml using target's profile_template.yml and your supplied values. Run 'dbt debug' to validate the connection.
[0m00:17:52.907604 [debug] [MainThread]: Command `dbt init` succeeded at 00:17:52.907604 after 1750.99 seconds
[0m00:17:52.907604 [debug] [MainThread]: Sending event: {'category': 'dbt', 'action': 'invocation', 'label': 'end', 'context': [<snowplow_tracker.self_describing_json.SelfDescribingJson object at 0x00000156915BEB90>, <snowplow_tracker.self_describing_json.SelfDescribingJson object at 0x000001568A974CD0>, <snowplow_tracker.self_describing_json.SelfDescribingJson object at 0x0000015691354650>]}
[0m00:17:52.923623 [debug] [MainThread]: Flushing usage events
[0m00:17:53.797225 [debug] [MainThread]: An error was encountered while trying to flush usage events
[0m00:19:35.357864 [debug] [MainThread]: Sending event: {'category': 'dbt', 'action': 'invocation', 'label': 'start', 'context': [<snowplow_tracker.self_describing_json.SelfDescribingJson object at 0x000001F46923D950>, <snowplow_tracker.self_describing_json.SelfDescribingJson object at 0x000001F46CB4E450>, <snowplow_tracker.self_describing_json.SelfDescribingJson object at 0x000001F46CA9FCD0>]}


============================== 00:19:35.357864 | fcf726fe-c7bc-4131-8d3a-e1063e033cb1 ==============================
[0m00:19:35.357864 [info ] [MainThread]: Running with dbt=1.11.10
[0m00:19:35.357864 [debug] [MainThread]: running dbt with arguments {'version_check': 'True', 'no_print': 'None', 'static_parser': 'True', 'target_path': 'None', 'warn_error_options': 'WarnErrorOptionsV2(error=[], warn=[], silence=[])', 'printer_width': '80', 'write_json': 'True', 'empty': 'None', 'log_cache_events': 'False', 'introspect': 'True', 'cache_selected_only': 'False', 'fail_fast': 'False', 'debug': 'False', 'log_format': 'default', 'partial_parse': 'True', 'send_anonymous_usage_stats': 'True', 'quiet': 'False', 'warn_error': 'None', 'profiles_dir': 'C:\\Users\\adrie\\.dbt', 'indirect_selection': 'eager', 'use_colors': 'True', 'invocation_command': 'dbt debug', 'use_experimental_parser': 'False', 'log_path': 'logs'}
[0m00:19:35.382603 [info ] [MainThread]: dbt version: 1.11.10
[0m00:19:35.382603 [info ] [MainThread]: python version: 3.11.9
[0m00:19:35.388883 [info ] [MainThread]: python path: C:\Users\adrie\Documents\yfinance-analytics-stack\.venv\Scripts\python.exe
[0m00:19:35.388883 [info ] [MainThread]: os info: Windows-10-10.0.26200-SP0
[0m00:19:35.430441 [info ] [MainThread]: Using profiles dir at C:\Users\adrie\.dbt
[0m00:19:35.430441 [info ] [MainThread]: Using profiles.yml file at C:\Users\adrie\.dbt\profiles.yml
[0m00:19:35.430441 [info ] [MainThread]: Using dbt_project.yml file at C:\Users\adrie\Documents\yfinance-analytics-stack\dbt_project.yml
[0m00:19:35.430441 [info ] [MainThread]: adapter type: postgres
[0m00:19:35.430441 [info ] [MainThread]: adapter version: 1.10.0
[0m00:19:35.430441 [info ] [MainThread]: Configuration:
[0m00:19:35.430441 [info ] [MainThread]:   profiles.yml file [[32mOK found and valid[0m]
[0m00:19:35.430441 [info ] [MainThread]:   dbt_project.yml file [[31mERROR not found[0m]
[0m00:19:35.442833 [info ] [MainThread]: Required dependencies:
[0m00:19:35.443443 [debug] [MainThread]: Executing "git --help"
[0m00:19:35.487480 [debug] [MainThread]: STDOUT: "b"usage: git [-v | --version] [-h | --help] [-C <path>] [-c <name>=<value>]\n           [--exec-path[=<path>]] [--html-path] [--man-path] [--info-path]\n           [-p | --paginate | -P | --no-pager] [--no-replace-objects] [--no-lazy-fetch]\n           [--no-optional-locks] [--no-advice] [--bare] [--git-dir=<path>]\n           [--work-tree=<path>] [--namespace=<name>] [--config-env=<name>=<envvar>]\n           <command> [<args>]\n\nThese are common Git commands used in various situations:\n\nstart a working area (see also: git help tutorial)\n   clone      Clone a repository into a new directory\n   init       Create an empty Git repository or reinitialize an existing one\n\nwork on the current change (see also: git help everyday)\n   add        Add file contents to the index\n   mv         Move or rename a file, a directory, or a symlink\n   restore    Restore working tree files\n   rm         Remove files from the working tree and from the index\n\nexamine the history and state (see also: git help revisions)\n   bisect     Use binary search to find the commit that introduced a bug\n   diff       Show changes between commits, commit and working tree, etc\n   grep       Print lines matching a pattern\n   log        Show commit logs\n   show       Show various types of objects\n   status     Show the working tree status\n\ngrow, mark and tweak your common history\n   backfill   Download missing objects in a partial clone\n   branch     List, create, or delete branches\n   commit     Record changes to the repository\n   merge      Join two or more development histories together\n   rebase     Reapply commits on top of another base tip\n   reset      Reset current HEAD to the specified state\n   switch     Switch branches\n   tag        Create, list, delete or verify tags\n\ncollaborate (see also: git help workflows)\n   fetch      Download objects and refs from another repository\n   pull       Fetch from and integrate with another repository or a local branch\n   push       Update remote refs along with associated objects\n\n'git help -a' and 'git help -g' list available subcommands and some\nconcept guides. See 'git help <command>' or 'git help <concept>'\nto read about a specific subcommand or concept.\nSee 'git help git' for an overview of the system.\n""
[0m00:19:35.488480 [debug] [MainThread]: STDERR: "b''"
[0m00:19:35.488480 [info ] [MainThread]:  - git [[32mOK found[0m]

[0m00:19:35.488480 [info ] [MainThread]: Connection:
[0m00:19:35.488480 [info ] [MainThread]:   host: ucfwjjncgpiubqzarnxv.supabase.co
[0m00:19:35.488480 [info ] [MainThread]:   port: 6543
[0m00:19:35.488480 [info ] [MainThread]:   user: postgres.ucfwjjncgpiubqzarnxv
[0m00:19:35.488480 [info ] [MainThread]:   database: postgres
[0m00:19:35.488480 [info ] [MainThread]:   schema: public
[0m00:19:35.488480 [info ] [MainThread]:   connect_timeout: 10
[0m00:19:35.495016 [info ] [MainThread]:   role: None
[0m00:19:35.496028 [info ] [MainThread]:   search_path: None
[0m00:19:35.496616 [info ] [MainThread]:   keepalives_idle: 0
[0m00:19:35.497648 [info ] [MainThread]:   sslmode: None
[0m00:19:35.497648 [info ] [MainThread]:   sslcert: None
[0m00:19:35.498961 [info ] [MainThread]:   sslkey: None
[0m00:19:35.498961 [info ] [MainThread]:   sslrootcert: None
[0m00:19:35.500067 [info ] [MainThread]:   application_name: dbt
[0m00:19:35.500067 [info ] [MainThread]:   retries: 1
[0m00:19:35.501845 [info ] [MainThread]: Registered adapter: postgres=1.10.0
[0m00:19:35.767356 [debug] [MainThread]: Acquiring new postgres connection 'debug'
[0m00:19:35.878230 [debug] [MainThread]: Using postgres connection "debug"
[0m00:19:35.878230 [debug] [MainThread]: On debug: select 1 as id
[0m00:19:35.878230 [debug] [MainThread]: Opening a new connection, currently in state init
[0m00:19:55.903530 [debug] [MainThread]: Postgres adapter: Got a retryable error when attempting to open a postgres connection.
1 attempts remaining. Retrying in 0 seconds.
Error:
connection to server at "ucfwjjncgpiubqzarnxv.supabase.co" (172.64.149.246), port 6543 failed: timeout expired
connection to server at "ucfwjjncgpiubqzarnxv.supabase.co" (104.18.38.10), port 6543 failed: timeout expired

[0m00:20:15.931265 [debug] [MainThread]: Postgres adapter: Error running SQL: select 1 as id
[0m00:20:15.931265 [debug] [MainThread]: Postgres adapter: Rolling back transaction.
[0m00:20:15.933278 [debug] [MainThread]: On debug: No close available on handle
[0m00:20:15.933278 [info ] [MainThread]:   Connection test: [[31mERROR[0m]

[0m00:20:15.933278 [info ] [MainThread]: [31m2 checks failed:[0m
[0m00:20:15.933278 [info ] [MainThread]: Project loading failed for the following reason:
 project path <C:\Users\adrie\Documents\yfinance-analytics-stack\dbt_project.yml> not found

[0m00:20:15.933278 [info ] [MainThread]: dbt was unable to connect to the specified database.
The database returned the following error:

  >Database Error
  connection to server at "ucfwjjncgpiubqzarnxv.supabase.co" (172.64.149.246), port 6543 failed: timeout expired
  connection to server at "ucfwjjncgpiubqzarnxv.supabase.co" (104.18.38.10), port 6543 failed: timeout expired
  

Check your database credentials and try again. For more information, visit:
https://docs.getdbt.com/docs/configure-your-profile


[0m00:20:15.933278 [debug] [MainThread]: Command `dbt debug` failed at 00:20:15.933278 after 40.67 seconds
[0m00:20:15.933278 [debug] [MainThread]: Connection 'debug' was properly closed.
[0m00:20:15.933278 [debug] [MainThread]: Sending event: {'category': 'dbt', 'action': 'invocation', 'label': 'end', 'context': [<snowplow_tracker.self_describing_json.SelfDescribingJson object at 0x000001F46DB8F7D0>, <snowplow_tracker.self_describing_json.SelfDescribingJson object at 0x000001F46DB8F850>, <snowplow_tracker.self_describing_json.SelfDescribingJson object at 0x000001F46CA8D290>]}
[0m00:20:15.933278 [debug] [MainThread]: Flushing usage events
[0m00:20:16.843731 [debug] [MainThread]: An error was encountered while trying to flush usage events
{"data":{"log_version":3,"version":"=2.0.0-preview.176"},"info":{"category":"","code":"A001","extra":{},"invocation_id":"019e51d8-6871-7cb1-ad08-2abb15cda4e4","level":"info","msg":"Running with dbt-fusion=2.0.0-preview.176","name":"MainReportVersion","pid":15384,"thread":"tokio-rt-worker","ts":"2026-05-22T22:39:57.557883Z"}}
{"data":{"args":{"debug":"false","invocation_command":"C:\\Users\\adrie\\.local\\bin\\dbt.exe license info --json --log-format json","log_format":"json","profiles_dir":"./","quiet":"false","write_json":"true"}},"info":{"category":"","code":"A002","extra":{},"invocation_id":"019e51d8-6871-7cb1-ad08-2abb15cda4e4","level":"debug","msg":"running dbt-fusion with arguments {\"command\":\"license\",\"profiles_dir\":\"./\",\"vars\":\"{}\",\"limit\":\"10\",\"debug\":false,\"log_format\":\"json\",\"quiet\":false,\"write_json\":true,\"write_catalog\":false}","name":"MainReportArgs","pid":15384,"thread":"tokio-rt-worker","ts":"2026-05-22T22:39:57.557923Z"}}
{"data":{},"info":{"category":"","code":"","extra":{},"invocation_id":"019e51d8-6871-7cb1-ad08-2abb15cda4e4","level":"debug","msg":"No active cloud project configured, skipping remote license","name":"Generic","pid":15384,"thread":"tokio-rt-worker","ts":"2026-05-22T22:39:57.566122Z"}}
{"data":{"columns":[],"is_inline":true,"node_name":"license_info","output_format":"json","preview":"{\n  \"status\": \"not_found\",\n  \"licensing_enabled\": true\n}","unique_id":"license.info"},"info":{"category":"","code":"Q041","extra":{},"invocation_id":"019e51d8-6871-7cb1-ad08-2abb15cda4e4","level":"info","msg":"{\n  \"status\": \"not_found\",\n  \"licensing_enabled\": true\n}","name":"ShowNode","pid":15384,"thread":"tokio-rt-worker","ts":"2026-05-22T22:39:57.566686Z"}}
{"data":{"completed_at":"2026-05-22T22:39:58.275575Z","elapsed":0.7179266214370728,"success":true},"info":{"category":"","code":"Q039","extra":{},"invocation_id":"019e51d8-6871-7cb1-ad08-2abb15cda4e4","level":"info","msg":"\n==================== Execution Summary =====================\nFinished 'license' successfully [717ms]","name":"CommandCompleted","pid":15384,"thread":"tokio-rt-worker","ts":"2026-05-22T22:39:58.275728Z"}}
{"data":{"log_version":3,"version":"=2.0.0-preview.176"},"info":{"category":"","code":"A001","extra":{},"invocation_id":"019e5557-9c35-7531-a030-2a0d30b49a9d","level":"info","msg":"Running with dbt-fusion=2.0.0-preview.176","name":"MainReportVersion","pid":14816,"thread":"tokio-rt-worker","ts":"2026-05-23T14:57:45.528673Z"}}
{"data":{"args":{"debug":"false","invocation_command":"C:\\Users\\adrie\\.local\\bin\\dbt.exe license info --json --log-format json","log_format":"json","profiles_dir":"./","quiet":"false","write_json":"true"}},"info":{"category":"","code":"A002","extra":{},"invocation_id":"019e5557-9c35-7531-a030-2a0d30b49a9d","level":"debug","msg":"running dbt-fusion with arguments {\"command\":\"license\",\"profiles_dir\":\"./\",\"vars\":\"{}\",\"limit\":\"10\",\"debug\":false,\"log_format\":\"json\",\"quiet\":false,\"write_json\":true,\"write_catalog\":false}","name":"MainReportArgs","pid":14816,"thread":"tokio-rt-worker","ts":"2026-05-23T14:57:45.528700Z"}}
{"data":{},"info":{"category":"","code":"","extra":{},"invocation_id":"019e5557-9c35-7531-a030-2a0d30b49a9d","level":"debug","msg":"No active cloud project configured, skipping remote license","name":"Generic","pid":14816,"thread":"tokio-rt-worker","ts":"2026-05-23T14:57:45.535881Z"}}
{"data":{"columns":[],"is_inline":true,"node_name":"license_info","output_format":"json","preview":"{\n  \"status\": \"not_found\",\n  \"licensing_enabled\": true\n}","unique_id":"license.info"},"info":{"category":"","code":"Q041","extra":{},"invocation_id":"019e5557-9c35-7531-a030-2a0d30b49a9d","level":"info","msg":"{\n  \"status\": \"not_found\",\n  \"licensing_enabled\": true\n}","name":"ShowNode","pid":14816,"thread":"tokio-rt-worker","ts":"2026-05-23T14:57:45.536425Z"}}
{"data":{"completed_at":"2026-05-23T14:57:46.204602Z","elapsed":0.6761916279792786,"success":true},"info":{"category":"","code":"Q039","extra":{},"invocation_id":"019e5557-9c35-7531-a030-2a0d30b49a9d","level":"info","msg":"\n==================== Execution Summary =====================\nFinished 'license' successfully [676ms]","name":"CommandCompleted","pid":14816,"thread":"tokio-rt-worker","ts":"2026-05-23T14:57:46.204789Z"}}
{"data":{"log_version":3,"version":"=2.0.0-preview.176"},"info":{"category":"","code":"A001","extra":{},"invocation_id":"019e57c7-78ee-7fe0-ace8-22f26f58a03b","level":"info","msg":"Running with dbt-fusion=2.0.0-preview.176","name":"MainReportVersion","pid":7856,"thread":"tokio-rt-worker","ts":"2026-05-24T02:19:10.961020Z"}}
{"data":{"args":{"debug":"false","invocation_command":"C:\\Users\\adrie\\.local\\bin\\dbt.exe license info --json --log-format json","log_format":"json","quiet":"false","write_json":"true"}},"info":{"category":"","code":"A002","extra":{},"invocation_id":"019e57c7-78ee-7fe0-ace8-22f26f58a03b","level":"debug","msg":"running dbt-fusion with arguments {\"command\":\"license\",\"vars\":\"{}\",\"limit\":\"10\",\"debug\":false,\"log_format\":\"json\",\"quiet\":false,\"write_json\":true,\"write_catalog\":false}","name":"MainReportArgs","pid":7856,"thread":"tokio-rt-worker","ts":"2026-05-24T02:19:10.961049Z"}}
{"data":{},"info":{"category":"","code":"","extra":{},"invocation_id":"019e57c7-78ee-7fe0-ace8-22f26f58a03b","level":"debug","msg":"No active cloud project configured, skipping remote license","name":"Generic","pid":7856,"thread":"tokio-rt-worker","ts":"2026-05-24T02:19:10.968385Z"}}
{"data":{"columns":[],"is_inline":true,"node_name":"license_info","output_format":"json","preview":"{\n  \"status\": \"not_found\",\n  \"licensing_enabled\": true\n}","unique_id":"license.info"},"info":{"category":"","code":"Q041","extra":{},"invocation_id":"019e57c7-78ee-7fe0-ace8-22f26f58a03b","level":"info","msg":"{\n  \"status\": \"not_found\",\n  \"licensing_enabled\": true\n}","name":"ShowNode","pid":7856,"thread":"tokio-rt-worker","ts":"2026-05-24T02:19:10.968946Z"}}
{"data":{"completed_at":"2026-05-24T02:19:11.573160Z","elapsed":0.6123436689376831,"success":true},"info":{"category":"","code":"Q039","extra":{},"invocation_id":"019e57c7-78ee-7fe0-ace8-22f26f58a03b","level":"info","msg":"\n==================== Execution Summary =====================\nFinished 'license' successfully [612ms]","name":"CommandCompleted","pid":7856,"thread":"tokio-rt-worker","ts":"2026-05-24T02:19:11.573306Z"}}
{"data":{"log_version":3,"version":"=2.0.0-preview.176"},"info":{"category":"","code":"A001","extra":{},"invocation_id":"019e57f9-e068-70e2-bf02-ec20ce5c6d36","level":"info","msg":"Running with dbt-fusion=2.0.0-preview.176","name":"MainReportVersion","pid":19544,"thread":"tokio-rt-worker","ts":"2026-05-24T03:14:14.251930Z"}}
{"data":{"args":{"debug":"false","invocation_command":"C:\\Users\\adrie\\.local\\bin\\dbt.exe license info --json --log-format json","log_format":"json","quiet":"false","write_json":"true"}},"info":{"category":"","code":"A002","extra":{},"invocation_id":"019e57f9-e068-70e2-bf02-ec20ce5c6d36","level":"debug","msg":"running dbt-fusion with arguments {\"command\":\"license\",\"vars\":\"{}\",\"limit\":\"10\",\"debug\":false,\"log_format\":\"json\",\"quiet\":false,\"write_json\":true,\"write_catalog\":false}","name":"MainReportArgs","pid":19544,"thread":"tokio-rt-worker","ts":"2026-05-24T03:14:14.251955Z"}}
{"data":{},"info":{"category":"","code":"","extra":{},"invocation_id":"019e57f9-e068-70e2-bf02-ec20ce5c6d36","level":"debug","msg":"No active cloud project configured, skipping remote license","name":"Generic","pid":19544,"thread":"tokio-rt-worker","ts":"2026-05-24T03:14:14.258712Z"}}
{"data":{"columns":[],"is_inline":true,"node_name":"license_info","output_format":"json","preview":"{\n  \"status\": \"not_found\",\n  \"licensing_enabled\": true\n}","unique_id":"license.info"},"info":{"category":"","code":"Q041","extra":{},"invocation_id":"019e57f9-e068-70e2-bf02-ec20ce5c6d36","level":"info","msg":"{\n  \"status\": \"not_found\",\n  \"licensing_enabled\": true\n}","name":"ShowNode","pid":19544,"thread":"tokio-rt-worker","ts":"2026-05-24T03:14:14.259169Z"}}
{"data":{"completed_at":"2026-05-24T03:14:14.917091Z","elapsed":0.665342390537262,"success":true},"info":{"category":"","code":"Q039","extra":{},"invocation_id":"019e57f9-e068-70e2-bf02-ec20ce5c6d36","level":"info","msg":"\n==================== Execution Summary =====================\nFinished 'license' successfully [665ms]","name":"CommandCompleted","pid":19544,"thread":"tokio-rt-worker","ts":"2026-05-24T03:14:14.917606Z"}}
{"data":{"log_version":3,"version":"=2.0.0-preview.176"},"info":{"category":"","code":"A001","extra":{},"invocation_id":"019e5abb-7e1a-70a0-9e63-92db2f87f6a6","level":"info","msg":"Running with dbt-fusion=2.0.0-preview.176","name":"MainReportVersion","pid":12984,"thread":"tokio-rt-worker","ts":"2026-05-24T16:04:57.502485Z"}}
{"data":{"args":{"debug":"false","invocation_command":"C:\\Users\\adrie\\.local\\bin\\dbt.exe license info --json --log-format json","log_format":"json","quiet":"false","write_json":"true"}},"info":{"category":"","code":"A002","extra":{},"invocation_id":"019e5abb-7e1a-70a0-9e63-92db2f87f6a6","level":"debug","msg":"running dbt-fusion with arguments {\"command\":\"license\",\"vars\":\"{}\",\"limit\":\"10\",\"debug\":false,\"log_format\":\"json\",\"quiet\":false,\"write_json\":true,\"write_catalog\":false}","name":"MainReportArgs","pid":12984,"thread":"tokio-rt-worker","ts":"2026-05-24T16:04:57.502507Z"}}
{"data":{},"info":{"category":"","code":"","extra":{},"invocation_id":"019e5abb-7e1a-70a0-9e63-92db2f87f6a6","level":"debug","msg":"No active cloud project configured, skipping remote license","name":"Generic","pid":12984,"thread":"tokio-rt-worker","ts":"2026-05-24T16:04:57.508061Z"}}
{"data":{"columns":[],"is_inline":true,"node_name":"license_info","output_format":"json","preview":"{\n  \"status\": \"not_found\",\n  \"licensing_enabled\": true\n}","unique_id":"license.info"},"info":{"category":"","code":"Q041","extra":{},"invocation_id":"019e5abb-7e1a-70a0-9e63-92db2f87f6a6","level":"info","msg":"{\n  \"status\": \"not_found\",\n  \"licensing_enabled\": true\n}","name":"ShowNode","pid":12984,"thread":"tokio-rt-worker","ts":"2026-05-24T16:04:57.508640Z"}}
{"data":{"completed_at":"2026-05-24T16:04:58.187280Z","elapsed":0.684969961643219,"success":true},"info":{"category":"","code":"Q039","extra":{},"invocation_id":"019e5abb-7e1a-70a0-9e63-92db2f87f6a6","level":"info","msg":"\n==================== Execution Summary =====================\nFinished 'license' successfully [684ms]","name":"CommandCompleted","pid":12984,"thread":"tokio-rt-worker","ts":"2026-05-24T16:04:58.187430Z"}}
{"data":{"log_version":3,"version":"=2.0.0-preview.176"},"info":{"category":"","code":"A001","extra":{},"invocation_id":"019e6239-79fb-7451-8068-583ee34118aa","level":"info","msg":"Running with dbt-fusion=2.0.0-preview.176","name":"MainReportVersion","pid":15516,"thread":"tokio-rt-worker","ts":"2026-05-26T02:59:54.496679Z"}}
{"data":{"args":{"debug":"false","invocation_command":"C:\\Users\\adrie\\.local\\bin\\dbt.exe license info --json --log-format json","log_format":"json","quiet":"false","write_json":"true"}},"info":{"category":"","code":"A002","extra":{},"invocation_id":"019e6239-79fb-7451-8068-583ee34118aa","level":"debug","msg":"running dbt-fusion with arguments {\"command\":\"license\",\"vars\":\"{}\",\"limit\":\"10\",\"debug\":false,\"log_format\":\"json\",\"quiet\":false,\"write_json\":true,\"write_catalog\":false}","name":"MainReportArgs","pid":15516,"thread":"tokio-rt-worker","ts":"2026-05-26T02:59:54.496776Z"}}
{"data":{},"info":{"category":"","code":"","extra":{},"invocation_id":"019e6239-79fb-7451-8068-583ee34118aa","level":"debug","msg":"No active cloud project configured, skipping remote license","name":"Generic","pid":15516,"thread":"tokio-rt-worker","ts":"2026-05-26T02:59:54.506884Z"}}
{"data":{"columns":[],"is_inline":true,"node_name":"license_info","output_format":"json","preview":"{\n  \"status\": \"not_found\",\n  \"licensing_enabled\": true\n}","unique_id":"license.info"},"info":{"category":"","code":"Q041","extra":{},"invocation_id":"019e6239-79fb-7451-8068-583ee34118aa","level":"info","msg":"{\n  \"status\": \"not_found\",\n  \"licensing_enabled\": true\n}","name":"ShowNode","pid":15516,"thread":"tokio-rt-worker","ts":"2026-05-26T02:59:54.507826Z"}}
{"data":{"completed_at":"2026-05-26T02:59:56.181862Z","elapsed":1.685591220855713,"success":true},"info":{"category":"","code":"Q039","extra":{},"invocation_id":"019e6239-79fb-7451-8068-583ee34118aa","level":"info","msg":"\n==================== Execution Summary =====================\nFinished 'license' successfully [1.7s]","name":"CommandCompleted","pid":15516,"thread":"tokio-rt-worker","ts":"2026-05-26T02:59:56.182024Z"}}
